<?xml version="1.0" encoding="UTF-8"?>
<coverage generated="1647551696378" clover="3.2.0">
  <project timestamp="1647551696378" name="All files">
    <metrics statements="58" coveredstatements="56" conditionals="30" coveredconditionals="25" methods="14" coveredmethods="12" elements="102" coveredelements="93" complexity="0" loc="58" ncloc="58" packages="2" files="5" classes="5"/>
    <package name="__fixtures__">
      <metrics statements="1" coveredstatements="1" conditionals="0" coveredconditionals="0" methods="0" coveredmethods="0"/>
      <file name="plainJson.js" path="/Users/aleksandrsdobnikov/Documents/hexlet-Projects/frontend-project-lvl2/__fixtures__/plainJson.js">
        <metrics statements="1" coveredstatements="1" conditionals="0" coveredconditionals="0" methods="0" coveredmethods="0"/>
        <line num="1" count="1" type="stmt"/>
      </file>
    </package>
    <package name="src">
      <metrics statements="57" coveredstatements="55" conditionals="30" coveredconditionals="25" methods="14" coveredmethods="12"/>
      <file name="dataParser.js" path="/Users/aleksandrsdobnikov/Documents/hexlet-Projects/frontend-project-lvl2/src/dataParser.js">
        <metrics statements="1" coveredstatements="1" conditionals="0" coveredconditionals="0" methods="1" coveredmethods="1"/>
        <line num="1" count="2" type="stmt"/>
      </file>
      <file name="fileReader.js" path="/Users/aleksandrsdobnikov/Documents/hexlet-Projects/frontend-project-lvl2/src/fileReader.js">
        <metrics statements="3" coveredstatements="3" conditionals="0" coveredconditionals="0" methods="3" coveredmethods="1"/>
        <line num="4" count="1" type="stmt"/>
        <line num="5" count="1" type="stmt"/>
        <line num="6" count="2" type="stmt"/>
      </file>
      <file name="genDiff.js" path="/Users/aleksandrsdobnikov/Documents/hexlet-Projects/frontend-project-lvl2/src/genDiff.js">
        <metrics statements="18" coveredstatements="17" conditionals="11" coveredconditionals="7" methods="2" coveredmethods="2"/>
        <line num="5" count="1" type="cond" truecount="0" falsecount="1"/>
        <line num="6" count="1" type="stmt"/>
        <line num="7" count="1" type="stmt"/>
        <line num="8" count="1" type="cond" truecount="1" falsecount="1"/>
        <line num="9" count="1" type="cond" truecount="1" falsecount="1"/>
        <line num="10" count="1" type="stmt"/>
        <line num="11" count="1" type="stmt"/>
        <line num="12" count="6" type="stmt"/>
        <line num="13" count="6" type="stmt"/>
        <line num="14" count="6" type="stmt"/>
        <line num="15" count="6" type="cond" truecount="5" falsecount="1"/>
        <line num="17" count="2" type="stmt"/>
        <line num="19" count="1" type="stmt"/>
        <line num="21" count="1" type="stmt"/>
        <line num="23" count="1" type="stmt"/>
        <line num="25" count="1" type="stmt"/>
        <line num="27" count="0" type="stmt"/>
        <line num="30" count="1" type="stmt"/>
      </file>
      <file name="getDataOfDiff.js" path="/Users/aleksandrsdobnikov/Documents/hexlet-Projects/frontend-project-lvl2/src/getDataOfDiff.js">
        <metrics statements="35" coveredstatements="34" conditionals="19" coveredconditionals="18" methods="8" coveredmethods="8"/>
        <line num="3" count="1" type="stmt"/>
        <line num="4" count="5" type="stmt"/>
        <line num="6" count="25" type="cond" truecount="2" falsecount="0"/>
        <line num="7" count="20" type="stmt"/>
        <line num="9" count="5" type="stmt"/>
        <line num="11" count="25" type="stmt"/>
        <line num="12" count="5" type="stmt"/>
        <line num="15" count="1" type="stmt"/>
        <line num="16" count="1" type="stmt"/>
        <line num="18" count="5" type="cond" truecount="2" falsecount="0"/>
        <line num="19" count="1" type="stmt"/>
        <line num="20" count="1" type="stmt"/>
        <line num="21" count="1" type="stmt"/>
        <line num="22" count="1" type="stmt"/>
        <line num="24" count="5" type="stmt"/>
        <line num="25" count="5" type="stmt"/>
        <line num="27" count="7" type="stmt"/>
        <line num="28" count="1" type="stmt"/>
        <line num="31" count="1" type="stmt"/>
        <line num="32" count="1" type="stmt"/>
        <line num="33" count="1" type="stmt"/>
        <line num="34" count="1" type="stmt"/>
        <line num="35" count="1" type="stmt"/>
        <line num="36" count="5" type="stmt"/>
        <line num="37" count="5" type="stmt"/>
        <line num="38" count="5" type="cond" truecount="2" falsecount="0"/>
        <line num="39" count="1" type="stmt"/>
        <line num="41" count="4" type="cond" truecount="5" falsecount="0"/>
        <line num="42" count="1" type="stmt"/>
        <line num="47" count="3" type="cond" truecount="4" falsecount="0"/>
        <line num="48" count="2" type="stmt"/>
        <line num="50" count="1" type="cond" truecount="3" falsecount="1"/>
        <line num="51" count="1" type="stmt"/>
        <line num="53" count="0" type="stmt"/>
        <line num="55" count="1" type="stmt"/>
      </file>
    </package>
  </project>
</coverage>
