{"/Users/aleksandrsdobnikov/Documents/hexlet-Projects/frontend-project-lvl2/__fixtures__/plainJson.js": {"path":"/Users/aleksandrsdobnikov/Documents/hexlet-Projects/frontend-project-lvl2/__fixtures__/plainJson.js","statementMap":{"0":{"start":{"line":1,"column":13},"end":{"line":1,"column":138}}},"fnMap":{},"branchMap":{},"s":{"0":1},"f":{},"b":{},"_coverageSchema":"1a1c01bbd47fc00a2c39e90264f33305004495a9","hash":"a6b7ce3901699a8c2d13d72226cc20dcf83eccd6"}
,"/Users/aleksandrsdobnikov/Documents/hexlet-Projects/frontend-project-lvl2/src/dataParser.js": {"path":"/Users/aleksandrsdobnikov/Documents/hexlet-Projects/frontend-project-lvl2/src/dataParser.js","statementMap":{"0":{"start":{"line":1,"column":18},"end":{"line":1,"column":44}},"1":{"start":{"line":1,"column":28},"end":{"line":1,"column":44}}},"fnMap":{"0":{"name":"(anonymous_0)","decl":{"start":{"line":1,"column":18},"end":{"line":1,"column":19}},"loc":{"start":{"line":1,"column":28},"end":{"line":1,"column":44}},"line":1}},"branchMap":{},"s":{"0":1,"1":2},"f":{"0":2},"b":{},"_coverageSchema":"1a1c01bbd47fc00a2c39e90264f33305004495a9","hash":"756cc10e06272c8ed2a958a24787308f7caee644"}
,"/Users/aleksandrsdobnikov/Documents/hexlet-Projects/frontend-project-lvl2/src/fileReader.js": {"path":"/Users/aleksandrsdobnikov/Documents/hexlet-Projects/frontend-project-lvl2/src/fileReader.js","statementMap":{"0":{"start":{"line":4,"column":16},"end":{"line":4,"column":66}},"1":{"start":{"line":4,"column":26},"end":{"line":4,"column":66}},"2":{"start":{"line":5,"column":15},"end":{"line":5,"column":52}},"3":{"start":{"line":5,"column":25},"end":{"line":5,"column":52}},"4":{"start":{"line":6,"column":17},"end":{"line":6,"column":54}},"5":{"start":{"line":6,"column":27},"end":{"line":6,"column":54}}},"fnMap":{"0":{"name":"(anonymous_0)","decl":{"start":{"line":4,"column":16},"end":{"line":4,"column":17}},"loc":{"start":{"line":4,"column":26},"end":{"line":4,"column":66}},"line":4},"1":{"name":"(anonymous_1)","decl":{"start":{"line":5,"column":15},"end":{"line":5,"column":16}},"loc":{"start":{"line":5,"column":25},"end":{"line":5,"column":52}},"line":5},"2":{"name":"(anonymous_2)","decl":{"start":{"line":6,"column":17},"end":{"line":6,"column":18}},"loc":{"start":{"line":6,"column":27},"end":{"line":6,"column":54}},"line":6}},"branchMap":{},"s":{"0":1,"1":0,"2":1,"3":0,"4":1,"5":2},"f":{"0":0,"1":0,"2":2},"b":{},"_coverageSchema":"1a1c01bbd47fc00a2c39e90264f33305004495a9","hash":"3605a4cb1444f1312895c0cc707b0071ae1ba55d"}
,"/Users/aleksandrsdobnikov/Documents/hexlet-Projects/frontend-project-lvl2/src/genDiff.js": {"path":"/Users/aleksandrsdobnikov/Documents/hexlet-Projects/frontend-project-lvl2/src/genDiff.js","statementMap":{"0":{"start":{"line":5,"column":16},"end":{"line":31,"column":1}},"1":{"start":{"line":6,"column":20},"end":{"line":6,"column":35}},"2":{"start":{"line":7,"column":20},"end":{"line":7,"column":35}},"3":{"start":{"line":8,"column":16},"end":{"line":8,"column":64}},"4":{"start":{"line":9,"column":16},"end":{"line":9,"column":64}},"5":{"start":{"line":10,"column":15},"end":{"line":10,"column":42}},"6":{"start":{"line":11,"column":17},"end":{"line":29,"column":8}},"7":{"start":{"line":12,"column":16},"end":{"line":12,"column":23}},"8":{"start":{"line":13,"column":18},"end":{"line":13,"column":25}},"9":{"start":{"line":14,"column":19},"end":{"line":14,"column":26}},"10":{"start":{"line":15,"column":4},"end":{"line":28,"column":5}},"11":{"start":{"line":17,"column":8},"end":{"line":17,"column":46}},"12":{"start":{"line":19,"column":8},"end":{"line":19,"column":46}},"13":{"start":{"line":21,"column":8},"end":{"line":21,"column":46}},"14":{"start":{"line":23,"column":8},"end":{"line":23,"column":46}},"15":{"start":{"line":25,"column":8},"end":{"line":25,"column":46}},"16":{"start":{"line":27,"column":8},"end":{"line":27,"column":19}},"17":{"start":{"line":30,"column":2},"end":{"line":30,"column":25}}},"fnMap":{"0":{"name":"(anonymous_0)","decl":{"start":{"line":5,"column":16},"end":{"line":5,"column":17}},"loc":{"start":{"line":5,"column":51},"end":{"line":31,"column":1}},"line":5},"1":{"name":"(anonymous_1)","decl":{"start":{"line":11,"column":29},"end":{"line":11,"column":30}},"loc":{"start":{"line":11,"column":44},"end":{"line":29,"column":3}},"line":11}},"branchMap":{"0":{"loc":{"start":{"line":5,"column":31},"end":{"line":5,"column":46}},"type":"default-arg","locations":[{"start":{"line":5,"column":40},"end":{"line":5,"column":46}}],"line":5},"1":{"loc":{"start":{"line":8,"column":16},"end":{"line":8,"column":64}},"type":"cond-expr","locations":[{"start":{"line":8,"column":36},"end":{"line":8,"column":56}},{"start":{"line":8,"column":59},"end":{"line":8,"column":64}}],"line":8},"2":{"loc":{"start":{"line":9,"column":16},"end":{"line":9,"column":64}},"type":"cond-expr","locations":[{"start":{"line":9,"column":36},"end":{"line":9,"column":56}},{"start":{"line":9,"column":59},"end":{"line":9,"column":64}}],"line":9},"3":{"loc":{"start":{"line":15,"column":4},"end":{"line":28,"column":5}},"type":"switch","locations":[{"start":{"line":16,"column":6},"end":{"line":17,"column":46}},{"start":{"line":18,"column":6},"end":{"line":19,"column":46}},{"start":{"line":20,"column":6},"end":{"line":21,"column":46}},{"start":{"line":22,"column":6},"end":{"line":23,"column":46}},{"start":{"line":24,"column":6},"end":{"line":25,"column":46}},{"start":{"line":26,"column":6},"end":{"line":27,"column":19}}],"line":15}},"s":{"0":1,"1":1,"2":1,"3":1,"4":1,"5":1,"6":1,"7":6,"8":6,"9":6,"10":6,"11":2,"12":1,"13":1,"14":1,"15":1,"16":0,"17":1},"f":{"0":1,"1":6},"b":{"0":[0],"1":[1,0],"2":[1,0],"3":[2,1,1,1,1,0]},"_coverageSchema":"1a1c01bbd47fc00a2c39e90264f33305004495a9","hash":"0bd5a4b9984c369a9a0516f8c5622435684a09aa"}
,"/Users/aleksandrsdobnikov/Documents/hexlet-Projects/frontend-project-lvl2/src/getDataOfDiff.js": {"path":"/Users/aleksandrsdobnikov/Documents/hexlet-Projects/frontend-project-lvl2/src/getDataOfDiff.js","statementMap":{"0":{"start":{"line":3,"column":25},"end":{"line":13,"column":1}},"1":{"start":{"line":4,"column":17},"end":{"line":11,"column":41}},"2":{"start":{"line":6,"column":6},"end":{"line":8,"column":7}},"3":{"start":{"line":7,"column":8},"end":{"line":7,"column":25}},"4":{"start":{"line":9,"column":6},"end":{"line":9,"column":32}},"5":{"start":{"line":11,"column":22},"end":{"line":11,"column":40}},"6":{"start":{"line":12,"column":2},"end":{"line":12,"column":19}},"7":{"start":{"line":15,"column":22},"end":{"line":29,"column":1}},"8":{"start":{"line":16,"column":17},"end":{"line":27,"column":38}},"9":{"start":{"line":18,"column":6},"end":{"line":23,"column":7}},"10":{"start":{"line":19,"column":26},"end":{"line":19,"column":33}},"11":{"start":{"line":20,"column":26},"end":{"line":20,"column":33}},"12":{"start":{"line":21,"column":8},"end":{"line":21,"column":28}},"13":{"start":{"line":22,"column":8},"end":{"line":22,"column":28}},"14":{"start":{"line":24,"column":6},"end":{"line":24,"column":21}},"15":{"start":{"line":25,"column":6},"end":{"line":25,"column":17}},"16":{"start":{"line":27,"column":22},"end":{"line":27,"column":37}},"17":{"start":{"line":28,"column":2},"end":{"line":28,"column":16}},"18":{"start":{"line":31,"column":22},"end":{"line":56,"column":1}},"19":{"start":{"line":32,"column":16},"end":{"line":32,"column":34}},"20":{"start":{"line":33,"column":16},"end":{"line":33,"column":34}},"21":{"start":{"line":34,"column":18},"end":{"line":34,"column":49}},"22":{"start":{"line":35,"column":19},"end":{"line":54,"column":4}},"23":{"start":{"line":36,"column":19},"end":{"line":36,"column":29}},"24":{"start":{"line":37,"column":19},"end":{"line":37,"column":29}},"25":{"start":{"line":38,"column":4},"end":{"line":40,"column":5}},"26":{"start":{"line":39,"column":6},"end":{"line":39,"column":46}},"27":{"start":{"line":41,"column":4},"end":{"line":46,"column":5}},"28":{"start":{"line":42,"column":6},"end":{"line":45,"column":8}},"29":{"start":{"line":47,"column":4},"end":{"line":49,"column":5}},"30":{"start":{"line":48,"column":6},"end":{"line":48,"column":47}},"31":{"start":{"line":50,"column":4},"end":{"line":52,"column":5}},"32":{"start":{"line":51,"column":6},"end":{"line":51,"column":48}},"33":{"start":{"line":53,"column":4},"end":{"line":53,"column":20}},"34":{"start":{"line":55,"column":2},"end":{"line":55,"column":33}}},"fnMap":{"0":{"name":"(anonymous_0)","decl":{"start":{"line":3,"column":25},"end":{"line":3,"column":26}},"loc":{"start":{"line":3,"column":35},"end":{"line":13,"column":1}},"line":3},"1":{"name":"(anonymous_1)","decl":{"start":{"line":5,"column":9},"end":{"line":5,"column":10}},"loc":{"start":{"line":5,"column":19},"end":{"line":10,"column":5}},"line":5},"2":{"name":"(anonymous_2)","decl":{"start":{"line":11,"column":12},"end":{"line":11,"column":13}},"loc":{"start":{"line":11,"column":22},"end":{"line":11,"column":40}},"line":11},"3":{"name":"(anonymous_3)","decl":{"start":{"line":15,"column":22},"end":{"line":15,"column":23}},"loc":{"start":{"line":15,"column":32},"end":{"line":29,"column":1}},"line":15},"4":{"name":"(anonymous_4)","decl":{"start":{"line":17,"column":12},"end":{"line":17,"column":13}},"loc":{"start":{"line":17,"column":27},"end":{"line":26,"column":5}},"line":17},"5":{"name":"(anonymous_5)","decl":{"start":{"line":27,"column":12},"end":{"line":27,"column":13}},"loc":{"start":{"line":27,"column":22},"end":{"line":27,"column":37}},"line":27},"6":{"name":"(anonymous_6)","decl":{"start":{"line":31,"column":22},"end":{"line":31,"column":23}},"loc":{"start":{"line":31,"column":40},"end":{"line":56,"column":1}},"line":31},"7":{"name":"(anonymous_7)","decl":{"start":{"line":35,"column":31},"end":{"line":35,"column":32}},"loc":{"start":{"line":35,"column":40},"end":{"line":54,"column":3}},"line":35}},"branchMap":{"0":{"loc":{"start":{"line":6,"column":6},"end":{"line":8,"column":7}},"type":"if","locations":[{"start":{"line":6,"column":6},"end":{"line":8,"column":7}},{"start":{},"end":{}}],"line":6},"1":{"loc":{"start":{"line":18,"column":6},"end":{"line":23,"column":7}},"type":"if","locations":[{"start":{"line":18,"column":6},"end":{"line":23,"column":7}},{"start":{},"end":{}}],"line":18},"2":{"loc":{"start":{"line":38,"column":4},"end":{"line":40,"column":5}},"type":"if","locations":[{"start":{"line":38,"column":4},"end":{"line":40,"column":5}},{"start":{},"end":{}}],"line":38},"3":{"loc":{"start":{"line":41,"column":4},"end":{"line":46,"column":5}},"type":"if","locations":[{"start":{"line":41,"column":4},"end":{"line":46,"column":5}},{"start":{},"end":{}}],"line":41},"4":{"loc":{"start":{"line":41,"column":8},"end":{"line":41,"column":73}},"type":"binary-expr","locations":[{"start":{"line":41,"column":8},"end":{"line":41,"column":25}},{"start":{"line":41,"column":29},"end":{"line":41,"column":49}},{"start":{"line":41,"column":53},"end":{"line":41,"column":73}}],"line":41},"5":{"loc":{"start":{"line":47,"column":4},"end":{"line":49,"column":5}},"type":"if","locations":[{"start":{"line":47,"column":4},"end":{"line":49,"column":5}},{"start":{},"end":{}}],"line":47},"6":{"loc":{"start":{"line":47,"column":8},"end":{"line":47,"column":49}},"type":"binary-expr","locations":[{"start":{"line":47,"column":8},"end":{"line":47,"column":25}},{"start":{"line":47,"column":29},"end":{"line":47,"column":49}}],"line":47},"7":{"loc":{"start":{"line":50,"column":4},"end":{"line":52,"column":5}},"type":"if","locations":[{"start":{"line":50,"column":4},"end":{"line":52,"column":5}},{"start":{},"end":{}}],"line":50},"8":{"loc":{"start":{"line":50,"column":8},"end":{"line":50,"column":49}},"type":"binary-expr","locations":[{"start":{"line":50,"column":8},"end":{"line":50,"column":25}},{"start":{"line":50,"column":29},"end":{"line":50,"column":49}}],"line":50}},"s":{"0":1,"1":5,"2":25,"3":20,"4":5,"5":25,"6":5,"7":1,"8":1,"9":5,"10":1,"11":1,"12":1,"13":1,"14":5,"15":5,"16":7,"17":1,"18":1,"19":1,"20":1,"21":1,"22":1,"23":5,"24":5,"25":5,"26":1,"27":4,"28":1,"29":3,"30":2,"31":1,"32":1,"33":0,"34":1},"f":{"0":5,"1":25,"2":25,"3":1,"4":5,"5":7,"6":1,"7":5},"b":{"0":[20,5],"1":[1,4],"2":[1,4],"3":[1,3],"4":[4,4,3],"5":[2,1],"6":[3,3],"7":[1,0],"8":[1,1]},"_coverageSchema":"1a1c01bbd47fc00a2c39e90264f33305004495a9","hash":"ef4f415bf29b7c37a735907ca6dd5a5ac0b4028a"}
}
