TN:
SF:__fixtures__/plainJson.js
FNF:0
FNH:0
DA:1,1
LF:1
LH:1
BRF:0
BRH:0
end_of_record
TN:
SF:src/dataParser.js
FN:1,(anonymous_0)
FNF:1
FNH:1
FNDA:2,(anonymous_0)
DA:1,2
LF:1
LH:1
BRF:0
BRH:0
end_of_record
TN:
SF:src/fileReader.js
FN:4,(anonymous_0)
FN:5,(anonymous_1)
FN:6,(anonymous_2)
FNF:3
FNH:1
FNDA:0,(anonymous_0)
FNDA:0,(anonymous_1)
FNDA:2,(anonymous_2)
DA:4,1
DA:5,1
DA:6,2
LF:3
LH:3
BRF:0
BRH:0
end_of_record
TN:
SF:src/genDiff.js
FN:5,(anonymous_0)
FN:11,(anonymous_1)
FNF:2
FNH:2
FNDA:1,(anonymous_0)
FNDA:6,(anonymous_1)
DA:5,1
DA:6,1
DA:7,1
DA:8,1
DA:9,1
DA:10,1
DA:11,1
DA:12,6
DA:13,6
DA:14,6
DA:15,6
DA:17,2
DA:19,1
DA:21,1
DA:23,1
DA:25,1
DA:27,0
DA:30,1
LF:18
LH:17
BRDA:5,0,0,0
BRDA:8,1,0,1
BRDA:8,1,1,0
BRDA:9,2,0,1
BRDA:9,2,1,0
BRDA:15,3,0,2
BRDA:15,3,1,1
BRDA:15,3,2,1
BRDA:15,3,3,1
BRDA:15,3,4,1
BRDA:15,3,5,0
BRF:11
BRH:7
end_of_record
TN:
SF:src/getDataOfDiff.js
FN:3,(anonymous_0)
FN:5,(anonymous_1)
FN:11,(anonymous_2)
FN:15,(anonymous_3)
FN:17,(anonymous_4)
FN:27,(anonymous_5)
FN:31,(anonymous_6)
FN:35,(anonymous_7)
FNF:8
FNH:8
FNDA:5,(anonymous_0)
FNDA:25,(anonymous_1)
FNDA:25,(anonymous_2)
FNDA:1,(anonymous_3)
FNDA:5,(anonymous_4)
FNDA:7,(anonymous_5)
FNDA:1,(anonymous_6)
FNDA:5,(anonymous_7)
DA:3,1
DA:4,5
DA:6,25
DA:7,20
DA:9,5
DA:11,25
DA:12,5
DA:15,1
DA:16,1
DA:18,5
DA:19,1
DA:20,1
DA:21,1
DA:22,1
DA:24,5
DA:25,5
DA:27,7
DA:28,1
DA:31,1
DA:32,1
DA:33,1
DA:34,1
DA:35,1
DA:36,5
DA:37,5
DA:38,5
DA:39,1
DA:41,4
DA:42,1
DA:47,3
DA:48,2
DA:50,1
DA:51,1
DA:53,0
DA:55,1
LF:35
LH:34
BRDA:6,0,0,20
BRDA:6,0,1,5
BRDA:18,1,0,1
BRDA:18,1,1,4
BRDA:38,2,0,1
BRDA:38,2,1,4
BRDA:41,3,0,1
BRDA:41,3,1,3
BRDA:41,4,0,4
BRDA:41,4,1,4
BRDA:41,4,2,3
BRDA:47,5,0,2
BRDA:47,5,1,1
BRDA:47,6,0,3
BRDA:47,6,1,3
BRDA:50,7,0,1
BRDA:50,7,1,0
BRDA:50,8,0,1
BRDA:50,8,1,1
BRF:19
BRH:18
end_of_record
